Start testing: Jun 25 23:07 IST
----------------------------------------------------------
1/3 Testing: test_cfsonsphere
1/3 Test: test_cfsonsphere
Command: "/Users/aragorn/Documents/CompositeFermions/cpp/build/test_cfsonsphere"
Directory: /Users/aragorn/Documents/CompositeFermions/cpp/build
"test_cfsonsphere" start time: Jun 25 23:07 IST
Output:
----------------------------------------------------------

10032 checks, 0 failures
<end of output>
Test time =   0.02 sec
----------------------------------------------------------
Test Passed.
"test_cfsonsphere" end time: Jun 25 23:07 IST
"test_cfsonsphere" time elapsed: 00:00:00
----------------------------------------------------------

2/3 Testing: test_reference
2/3 Test: test_reference
Command: "/Users/aragorn/Documents/CompositeFermions/cpp/build/test_reference" "/Users/aragorn/Documents/CompositeFermions/cpp/reference"
Directory: /Users/aragorn/Documents/CompositeFermions/cpp/build
"test_reference" start time: Jun 25 23:07 IST
Output:
----------------------------------------------------------
ESP mult=1  maxdiff=0.000e+00
ESP mult=2  maxdiff=0.000e+00
ESP mult=3  maxdiff=0.000e+00
projection_coeff  maxdiff=5.551e-15
proj1  slater maxdiff=2.596e-15  jastrow diff=1.421e-14
proj2  slater maxdiff=2.458e-15  jastrow diff=2.842e-14
unproj  slater maxdiff=6.901e-16  jastrow diff=0.000e+00

10 checks, 0 failures
<end of output>
Test time =   0.01 sec
----------------------------------------------------------
Test Passed.
"test_reference" end time: Jun 25 23:07 IST
"test_reference" time elapsed: 00:00:00
----------------------------------------------------------

3/3 Testing: test_logpsi
3/3 Test: test_logpsi
Command: "/Users/aragorn/Documents/CompositeFermions/cpp/build/test_logpsi" "/Users/aragorn/Documents/CompositeFermions/cpp/reference"
Directory: /Users/aragorn/Documents/CompositeFermions/cpp/build
"test_logpsi" start time: Jun 25 23:07 IST
Output:
----------------------------------------------------------
tag       kind       N      K    max|dRe|  max|dphase| |   cpp(us)    jl(us) jl/cpp
p1_4_1    proj       4   1000    8.17e-14     4.71e-14 |      0.77      4.84   6.28 OK
p1_10_2   proj      10   1000    1.49e-13     1.21e-13 |      4.38      6.01   1.37 OK
p1_9_3    proj       9   1000    7.82e-14     1.35e-13 |      3.82      5.28   1.38 OK
p1_16_4   proj      16   1000    3.27e-13     1.11e-12 |     11.97     16.16   1.35 OK
p1_20_2   proj      20   1000    3.91e-12     2.59e-12 |     16.13     19.88   1.23 OK
p1_32_4   proj      32   1000    7.39e-13     2.95e-12 |     51.25     70.16   1.37 OK
p2_10_2   proj      10   1000    2.06e-13     2.42e-13 |      4.22      6.59   1.56 OK
p2_9_3    proj       9   1000    1.49e-13     1.07e-13 |      3.58      5.63   1.57 OK
p2_16_4   proj      16   1000    1.92e-12     1.03e-12 |     12.10     16.95   1.40 OK
u_9_3     unproj     9   1000    8.17e-13     8.78e-13 |      2.52      3.76   1.49 OK
u_16_4    unproj    16   1000    7.30e-12     1.43e-11 |      7.37     10.32   1.40 OK
u_25_5    unproj    25   1000    1.21e-10     2.12e-10 |     19.60     22.98   1.17 OK

12000 configs compared across systems; 0 system(s) failed
Timing: us/eval for full log Ψ (update + logdet + jastrow); jl/cpp > 1 means C++ faster.
<end of output>
Test time =   1.46 sec
----------------------------------------------------------
Test Passed.
"test_logpsi" end time: Jun 25 23:07 IST
"test_logpsi" time elapsed: 00:00:01
----------------------------------------------------------

End testing: Jun 25 23:07 IST
